# JRE version: OpenJDK Runtime Environment (11.0.8+10) (build 11.0.8+10)
# Java VM: OpenJDK 64-Bit Server VM (11.0.8+10, mixed mode, tiered, compressed oops, g1 gc, linux-amd64)
Heap:
 garbage-first heap   total 268288K, used 185523K [0x000000070a600000, 0x0000000800000000)
  region size 1024K, 87 young (89088K), 7 survivors (7168K)
 Metaspace       used 41941K, capacity 42979K, committed 43216K, reserved 1087488K
  class space    used 4639K, capacity 5057K, committed 5120K, reserved 1048576K
GC Heap History (20 events):
Event: 0.895 GC heap before
{Heap before GC invocations=3 (full 0):
 garbage-first heap   total 251904K, used 43263K [0x000000070a600000, 0x0000000800000000)
  region size 1024K, 41 young (41984K), 5 survivors (5120K)
 Metaspace       used 25439K, capacity 26115K, committed 26496K, reserved 1073152K
  class space    used 2865K, capacity 3092K, committed 3200K, reserved 1048576K
}
Event: 0.900 GC heap after
{Heap after GC invocations=4 (full 0):
 garbage-first heap   total 251904K, used 8134K [0x000000070a600000, 0x0000000800000000)
  region size 1024K, 4 young (4096K), 4 survivors (4096K)
 Metaspace       used 25439K, capacity 26115K, committed 26496K, reserved 1073152K
  class space    used 2865K, capacity 3092K, committed 3200K, reserved 1048576K
}
Event: 18.242 GC heap before
{Heap before GC invocations=4 (full 0):
 garbage-first heap   total 251904K, used 65478K [0x000000070a600000, 0x0000000800000000)
  region size 1024K, 61 young (62464K), 4 survivors (4096K)
 Metaspace       used 34898K, capacity 35848K, committed 36048K, reserved 1081344K
  class space    used 3983K, capacity 4323K, committed 4352K, reserved 1048576K
}
Event: 18.249 GC heap after
{Heap after GC invocations=5 (full 0):
 garbage-first heap   total 251904K, used 11723K [0x000000070a600000, 0x0000000800000000)
  region size 1024K, 7 young (7168K), 7 survivors (7168K)
 Metaspace       used 34898K, capacity 35848K, committed 36048K, reserved 1081344K
  class space    used 3983K, capacity 4323K, committed 4352K, reserved 1048576K
}
Event: 208.407 GC heap before
{Heap before GC invocations=6 (full 0):
 garbage-first heap   total 251904K, used 213451K [0x000000070a600000, 0x0000000800000000)
  region size 1024K, 100 young (102400K), 7 survivors (7168K)
 Metaspace       used 38988K, capacity 39966K, committed 40400K, reserved 1085440K
  class space    used 4377K, capacity 4758K, committed 4864K, reserved 1048576K
}
Event: 208.419 GC heap after
{Heap after GC invocations=7 (full 0):
 garbage-first heap   total 251904K, used 17514K [0x000000070a600000, 0x0000000800000000)
  region size 1024K, 8 young (8192K), 8 survivors (8192K)
 Metaspace       used 38988K, capacity 39966K, committed 40400K, reserved 1085440K
  class space    used 4377K, capacity 4758K, committed 4864K, reserved 1048576K
}
Event: 341.019 GC heap before
{Heap before GC invocations=8 (full 0):
 garbage-first heap   total 251904K, used 215146K [0x000000070a600000, 0x0000000800000000)
  region size 1024K, 144 young (147456K), 8 survivors (8192K)
 Metaspace       used 40398K, capacity 41383K, committed 41552K, reserved 1085440K
  class space    used 4526K, capacity 4910K, committed 4992K, reserved 1048576K
}
Event: 341.024 GC heap after
{Heap after GC invocations=9 (full 0):
 garbage-first heap   total 251904K, used 35992K [0x000000070a600000, 0x0000000800000000)
  region size 1024K, 8 young (8192K), 8 survivors (8192K)
 Metaspace       used 40398K, capacity 41383K, committed 41552K, reserved 1085440K
  class space    used 4526K, capacity 4910K, committed 4992K, reserved 1048576K
}
Event: 2341.453 GC heap before
{Heap before GC invocations=9 (full 0):
 garbage-first heap   total 251904K, used 226456K [0x000000070a600000, 0x0000000800000000)
  region size 1024K, 147 young (150528K), 8 survivors (8192K)
 Metaspace       used 40536K, capacity 41610K, committed 41808K, reserved 1085440K
  class space    used 4532K, capacity 4943K, committed 4992K, reserved 1048576K
}
Event: 2341.458 GC heap after
{Heap after GC invocations=10 (full 0):
 garbage-first heap   total 251904K, used 49666K [0x000000070a600000, 0x0000000800000000)
  region size 1024K, 8 young (8192K), 8 survivors (8192K)
 Metaspace       used 40536K, capacity 41610K, committed 41808K, reserved 1085440K
  class space    used 4532K, capacity 4943K, committed 4992K, reserved 1048576K
}
Event: 2380.143 GC heap before
{Heap before GC invocations=10 (full 0):
 garbage-first heap   total 251904K, used 250370K [0x000000070a600000, 0x0000000800000000)
  region size 1024K, 147 young (150528K), 8 survivors (8192K)
 Metaspace       used 40605K, capacity 41622K, committed 41808K, reserved 1085440K
  class space    used 4533K, capacity 4946K, committed 4992K, reserved 1048576K
}
Event: 2380.147 GC heap after
{Heap after GC invocations=11 (full 0):
 garbage-first heap   total 260096K, used 64865K [0x000000070a600000, 0x0000000800000000)
  region size 1024K, 8 young (8192K), 8 survivors (8192K)
 Metaspace       used 40605K, capacity 41622K, committed 41808K, reserved 1085440K
  class space    used 4533K, capacity 4946K, committed 4992K, reserved 1048576K
}
Event: 2988.971 GC heap before
{Heap before GC invocations=11 (full 0):
 garbage-first heap   total 260096K, used 243041K [0x000000070a600000, 0x0000000800000000)
  region size 1024K, 152 young (155648K), 8 survivors (8192K)
 Metaspace       used 40650K, capacity 41750K, committed 42064K, reserved 1087488K
  class space    used 4533K, capacity 4946K, committed 4992K, reserved 1048576K
}
Event: 2988.976 GC heap after
{Heap after GC invocations=12 (full 0):
 garbage-first heap   total 260096K, used 36195K [0x000000070a600000, 0x0000000800000000)
  region size 1024K, 8 young (8192K), 8 survivors (8192K)
 Metaspace       used 40650K, capacity 41750K, committed 42064K, reserved 1087488K
  class space    used 4533K, capacity 4946K, committed 4992K, reserved 1048576K
}
Event: 3765.693 GC heap before
{Heap before GC invocations=12 (full 0):
 garbage-first heap   total 260096K, used 236899K [0x000000070a600000, 0x0000000800000000)
  region size 1024K, 120 young (122880K), 8 survivors (8192K)
 Metaspace       used 40711K, capacity 41754K, committed 42064K, reserved 1087488K
  class space    used 4534K, capacity 4947K, committed 4992K, reserved 1048576K
}
Event: 3765.700 GC heap after
{Heap after GC invocations=13 (full 0):
 garbage-first heap   total 260096K, used 46610K [0x000000070a600000, 0x0000000800000000)
  region size 1024K, 8 young (8192K), 8 survivors (8192K)
 Metaspace       used 40711K, capacity 41754K, committed 42064K, reserved 1087488K
  class space    used 4534K, capacity 4947K, committed 4992K, reserved 1048576K
}
Event: 3935.233 GC heap before
{Heap before GC invocations=14 (full 0):
 garbage-first heap   total 260096K, used 258578K [0x000000070a600000, 0x0000000800000000)
  region size 1024K, 144 young (147456K), 8 survivors (8192K)
 Metaspace       used 40779K, capacity 41818K, committed 42064K, reserved 1087488K
  class space    used 4534K, capacity 4947K, committed 4992K, reserved 1048576K
}
Event: 3935.239 GC heap after
{Heap after GC invocations=15 (full 0):
 garbage-first heap   total 268288K, used 44387K [0x000000070a600000, 0x0000000800000000)
  region size 1024K, 8 young (8192K), 8 survivors (8192K)
 Metaspace       used 40779K, capacity 41818K, committed 42064K, reserved 1087488K
  class space    used 4534K, capacity 4947K, committed 4992K, reserved 1048576K
}
Event: 3956.041 GC heap before
{Heap before GC invocations=15 (full 0):
 garbage-first heap   total 268288K, used 229731K [0x000000070a600000, 0x0000000800000000)
  region size 1024K, 157 young (160768K), 8 survivors (8192K)
 Metaspace       used 40794K, capacity 41819K, committed 42064K, reserved 1087488K
  class space    used 4534K, capacity 4947K, committed 4992K, reserved 1048576K
}
Event: 3956.045 GC heap after
{Heap after GC invocations=16 (full 0):
 garbage-first heap   total 268288K, used 49331K [0x000000070a600000, 0x0000000800000000)
  region size 1024K, 7 young (7168K), 7 survivors (7168K)
 Metaspace       used 40794K, capacity 41819K, committed 42064K, reserved 1087488K
  class space    used 4534K, capacity 4947K, committed 4992K, reserved 1048576K
}

