# JRE version: OpenJDK Runtime Environment (11.0.8+10) (build 11.0.8+10)
# Java VM: OpenJDK 64-Bit Server VM (11.0.8+10, mixed mode, tiered, compressed oops, g1 gc, linux-amd64)
Heap:
 garbage-first heap   total 251904K, used 163658K [0x000000070a600000, 0x0000000800000000)
  region size 1024K, 114 young (116736K), 7 survivors (7168K)
 Metaspace       used 41267K, capacity 42289K, committed 42620K, reserved 1087488K
  class space    used 4625K, capacity 5022K, committed 5120K, reserved 1048576K
GC Heap History (12 events):
Event: 0.433 GC heap before
{Heap before GC invocations=0 (full 0):
 garbage-first heap   total 251904K, used 23552K [0x000000070a600000, 0x0000000800000000)
  region size 1024K, 24 young (24576K), 0 survivors (0K)
 Metaspace       used 13895K, capacity 14228K, committed 14336K, reserved 1062912K
  class space    used 1399K, capacity 1520K, committed 1536K, reserved 1048576K
}
Event: 0.436 GC heap after
{Heap after GC invocations=1 (full 0):
 garbage-first heap   total 251904K, used 5285K [0x000000070a600000, 0x0000000800000000)
  region size 1024K, 3 young (3072K), 3 survivors (3072K)
 Metaspace       used 13895K, capacity 14228K, committed 14336K, reserved 1062912K
  class space    used 1399K, capacity 1520K, committed 1536K, reserved 1048576K
}
Event: 0.631 GC heap before
{Heap before GC invocations=1 (full 0):
 garbage-first heap   total 251904K, used 36005K [0x000000070a600000, 0x0000000800000000)
  region size 1024K, 34 young (34816K), 3 survivors (3072K)
 Metaspace       used 20768K, capacity 21191K, committed 21296K, reserved 1069056K
  class space    used 2266K, capacity 2421K, committed 2432K, reserved 1048576K
}
Event: 0.635 GC heap after
{Heap after GC invocations=2 (full 0):
 garbage-first heap   total 251904K, used 6454K [0x000000070a600000, 0x0000000800000000)
  region size 1024K, 5 young (5120K), 5 survivors (5120K)
 Metaspace       used 20768K, capacity 21191K, committed 21296K, reserved 1069056K
  class space    used 2266K, capacity 2421K, committed 2432K, reserved 1048576K
}
Event: 0.991 GC heap before
{Heap before GC invocations=3 (full 0):
 garbage-first heap   total 251904K, used 39222K [0x000000070a600000, 0x0000000800000000)
  region size 1024K, 38 young (38912K), 5 survivors (5120K)
 Metaspace       used 25063K, capacity 25763K, committed 25776K, reserved 1073152K
  class space    used 2808K, capacity 3060K, committed 3072K, reserved 1048576K
}
Event: 0.995 GC heap after
{Heap after GC invocations=4 (full 0):
 garbage-first heap   total 251904K, used 8165K [0x000000070a600000, 0x0000000800000000)
  region size 1024K, 3 young (3072K), 3 survivors (3072K)
 Metaspace       used 25063K, capacity 25763K, committed 25776K, reserved 1073152K
  class space    used 2808K, capacity 3060K, committed 3072K, reserved 1048576K
}
Event: 24.546 GC heap before
{Heap before GC invocations=4 (full 0):
 garbage-first heap   total 251904K, used 65509K [0x000000070a600000, 0x0000000800000000)
  region size 1024K, 60 young (61440K), 3 survivors (3072K)
 Metaspace       used 34673K, capacity 35590K, committed 35708K, reserved 1081344K
  class space    used 3959K, capacity 4323K, committed 4352K, reserved 1048576K
}
Event: 24.552 GC heap after
{Heap after GC invocations=5 (full 0):
 garbage-first heap   total 251904K, used 11903K [0x000000070a600000, 0x0000000800000000)
  region size 1024K, 7 young (7168K), 7 survivors (7168K)
 Metaspace       used 34673K, capacity 35590K, committed 35708K, reserved 1081344K
  class space    used 3959K, capacity 4323K, committed 4352K, reserved 1048576K
}
Event: 25.021 GC heap before
{Heap before GC invocations=6 (full 0):
 garbage-first heap   total 251904K, used 109183K [0x000000070a600000, 0x0000000800000000)
  region size 1024K, 91 young (93184K), 7 survivors (7168K)
 Metaspace       used 39501K, capacity 40539K, committed 40956K, reserved 1085440K
  class space    used 4490K, capacity 4907K, committed 4992K, reserved 1048576K
}
Event: 25.026 GC heap after
{Heap after GC invocations=7 (full 0):
 garbage-first heap   total 251904K, used 23615K [0x000000070a600000, 0x0000000800000000)
  region size 1024K, 7 young (7168K), 7 survivors (7168K)
 Metaspace       used 39501K, capacity 40539K, committed 40956K, reserved 1085440K
  class space    used 4490K, capacity 4907K, committed 4992K, reserved 1048576K
}
Event: 97.821 GC heap before
{Heap before GC invocations=7 (full 0):
 garbage-first heap   total 251904K, used 175167K [0x000000070a600000, 0x0000000800000000)
  region size 1024K, 132 young (135168K), 7 survivors (7168K)
 Metaspace       used 39834K, capacity 40869K, committed 41212K, reserved 1085440K
  class space    used 4510K, capacity 4910K, committed 4992K, reserved 1048576K
}
Event: 97.826 GC heap after
{Heap after GC invocations=8 (full 0):
 garbage-first heap   total 251904K, used 30538K [0x000000070a600000, 0x0000000800000000)
  region size 1024K, 7 young (7168K), 7 survivors (7168K)
 Metaspace       used 39834K, capacity 40869K, committed 41212K, reserved 1085440K
  class space    used 4510K, capacity 4910K, committed 4992K, reserved 1048576K
}

