# JRE version: OpenJDK Runtime Environment (11.0.8+10) (build 11.0.8+10)
# Java VM: OpenJDK 64-Bit Server VM (11.0.8+10, mixed mode, tiered, compressed oops, g1 gc, linux-amd64)
Heap:
 garbage-first heap   total 251904K, used 60178K [0x000000070a600000, 0x0000000800000000)
  region size 1024K, 11 young (11264K), 8 survivors (8192K)
 Metaspace       used 41303K, capacity 42375K, committed 42704K, reserved 1087488K
  class space    used 4640K, capacity 5072K, committed 5120K, reserved 1048576K
GC Heap History (10 events):
Event: 0.437 GC heap before
{Heap before GC invocations=0 (full 0):
 garbage-first heap   total 251904K, used 23552K [0x000000070a600000, 0x0000000800000000)
  region size 1024K, 24 young (24576K), 0 survivors (0K)
 Metaspace       used 13909K, capacity 14216K, committed 14336K, reserved 1062912K
  class space    used 1396K, capacity 1515K, committed 1536K, reserved 1048576K
}
Event: 0.441 GC heap after
{Heap after GC invocations=1 (full 0):
 garbage-first heap   total 251904K, used 5072K [0x000000070a600000, 0x0000000800000000)
  region size 1024K, 3 young (3072K), 3 survivors (3072K)
 Metaspace       used 13909K, capacity 14216K, committed 14336K, reserved 1062912K
  class space    used 1396K, capacity 1515K, committed 1536K, reserved 1048576K
}
Event: 0.636 GC heap before
{Heap before GC invocations=1 (full 0):
 garbage-first heap   total 251904K, used 36816K [0x000000070a600000, 0x0000000800000000)
  region size 1024K, 35 young (35840K), 3 survivors (3072K)
 Metaspace       used 20791K, capacity 21187K, committed 21296K, reserved 1069056K
  class space    used 2265K, capacity 2420K, committed 2432K, reserved 1048576K
}
Event: 0.641 GC heap after
{Heap after GC invocations=2 (full 0):
 garbage-first heap   total 251904K, used 6395K [0x000000070a600000, 0x0000000800000000)
  region size 1024K, 5 young (5120K), 5 survivors (5120K)
 Metaspace       used 20791K, capacity 21187K, committed 21296K, reserved 1069056K
  class space    used 2265K, capacity 2420K, committed 2432K, reserved 1048576K
}
Event: 1.057 GC heap before
{Heap before GC invocations=3 (full 0):
 garbage-first heap   total 251904K, used 42235K [0x000000070a600000, 0x0000000800000000)
  region size 1024K, 41 young (41984K), 5 survivors (5120K)
 Metaspace       used 25705K, capacity 26341K, committed 26496K, reserved 1073152K
  class space    used 2891K, capacity 3124K, committed 3200K, reserved 1048576K
}
Event: 1.062 GC heap after
{Heap after GC invocations=4 (full 0):
 garbage-first heap   total 251904K, used 8066K [0x000000070a600000, 0x0000000800000000)
  region size 1024K, 4 young (4096K), 4 survivors (4096K)
 Metaspace       used 25705K, capacity 26341K, committed 26496K, reserved 1073152K
  class space    used 2891K, capacity 3124K, committed 3200K, reserved 1048576K
}
Event: 6.026 GC heap before
{Heap before GC invocations=4 (full 0):
 garbage-first heap   total 251904K, used 64386K [0x000000070a600000, 0x0000000800000000)
  region size 1024K, 60 young (61440K), 4 survivors (4096K)
 Metaspace       used 34924K, capacity 35846K, committed 36048K, reserved 1081344K
  class space    used 3981K, capacity 4323K, committed 4352K, reserved 1048576K
}
Event: 6.032 GC heap after
{Heap after GC invocations=5 (full 0):
 garbage-first heap   total 251904K, used 11592K [0x000000070a600000, 0x0000000800000000)
  region size 1024K, 7 young (7168K), 7 survivors (7168K)
 Metaspace       used 34924K, capacity 35846K, committed 36048K, reserved 1081344K
  class space    used 3981K, capacity 4323K, committed 4352K, reserved 1048576K
}
Event: 28.581 GC heap before
{Heap before GC invocations=6 (full 0):
 garbage-first heap   total 251904K, used 202056K [0x000000070a600000, 0x0000000800000000)
  region size 1024K, 147 young (150528K), 7 survivors (7168K)
 Metaspace       used 41088K, capacity 42180K, committed 42448K, reserved 1087488K
  class space    used 4606K, capacity 5007K, committed 5120K, reserved 1048576K
}
Event: 28.586 GC heap after
{Heap after GC invocations=7 (full 0):
 garbage-first heap   total 251904K, used 54034K [0x000000070a600000, 0x0000000800000000)
  region size 1024K, 8 young (8192K), 8 survivors (8192K)
 Metaspace       used 41088K, capacity 42180K, committed 42448K, reserved 1087488K
  class space    used 4606K, capacity 5007K, committed 5120K, reserved 1048576K
}

